<?xml version="1.0" encoding="UTF-8"?>
<testsuite xmlns:xsi="http://www.w3.org/2001/XMLSchema-instance" xsi:noNamespaceSchemaLocation="https://maven.apache.org/surefire/maven-surefire-plugin/xsd/surefire-test-report.xsd" name="com.example.securingweb.SecuringWebApplicationTests" time="2.387" tests="5" errors="0" skipped="0" failures="0">
  <properties>
    <property name="java.specification.version" value="17"/>
    <property name="sun.jnu.encoding" value="UTF-8"/>
    <property name="java.class.path" value="/Users/idman/Documents/Docker/maven-app/target/test-classes:/Users/idman/Documents/Docker/maven-app/target/classes:/Users/idman/.m2/repository/org/springframework/boot/spring-boot-starter-thymeleaf/3.0.0/spring-boot-starter-thymeleaf-3.0.0.jar:/Users/idman/.m2/repository/org/springframework/boot/spring-boot-starter/3.0.0/spring-boot-starter-3.0.0.jar:/Users/idman/.m2/repository/org/springframework/boot/spring-boot/3.0.0/spring-boot-3.0.0.jar:/Users/idman/.m2/repository/org/springframework/boot/spring-boot-autoconfigure/3.0.0/spring-boot-autoconfigure-3.0.0.jar:/Users/idman/.m2/repository/org/springframework/boot/spring-boot-starter-logging/3.0.0/spring-boot-starter-logging-3.0.0.jar:/Users/idman/.m2/repository/ch/qos/logback/logback-classic/1.4.5/logback-classic-1.4.5.jar:/Users/idman/.m2/repository/ch/qos/logback/logback-core/1.4.5/logback-core-1.4.5.jar:/Users/idman/.m2/repository/org/apache/logging/log4j/log4j-to-slf4j/2.19.0/log4j-to-slf4j-2.19.0.jar:/Users/idman/.m2/repository/org/apache/logging/log4j/log4j-api/2.19.0/log4j-api-2.19.0.jar:/Users/idman/.m2/repository/org/slf4j/jul-to-slf4j/2.0.4/jul-to-slf4j-2.0.4.jar:/Users/idman/.m2/repository/jakarta/annotation/jakarta.annotation-api/2.1.1/jakarta.annotation-api-2.1.1.jar:/Users/idman/.m2/repository/org/yaml/snakeyaml/1.33/snakeyaml-1.33.jar:/Users/idman/.m2/repository/org/thymeleaf/thymeleaf-spring6/3.1.0.RELEASE/thymeleaf-spring6-3.1.0.RELEASE.jar:/Users/idman/.m2/repository/org/thymeleaf/thymeleaf/3.1.0.RELEASE/thymeleaf-3.1.0.RELEASE.jar:/Users/idman/.m2/repository/org/attoparser/attoparser/2.0.6.RELEASE/attoparser-2.0.6.RELEASE.jar:/Users/idman/.m2/repository/org/unbescape/unbescape/1.1.6.RELEASE/unbescape-1.1.6.RELEASE.jar:/Users/idman/.m2/repository/org/springframework/boot/spring-boot-starter-web/3.0.0/spring-boot-starter-web-3.0.0.jar:/Users/idman/.m2/repository/org/springframework/boot/spring-boot-starter-json/3.0.0/spring-boot-starter-json-3.0.0.jar:/Users/idman/.m2/repository/com/fasterxml/jackson/core/jackson-databind/2.14.1/jackson-databind-2.14.1.jar:/Users/idman/.m2/repository/com/fasterxml/jackson/core/jackson-annotations/2.14.1/jackson-annotations-2.14.1.jar:/Users/idman/.m2/repository/com/fasterxml/jackson/core/jackson-core/2.14.1/jackson-core-2.14.1.jar:/Users/idman/.m2/repository/com/fasterxml/jackson/datatype/jackson-datatype-jdk8/2.14.1/jackson-datatype-jdk8-2.14.1.jar:/Users/idman/.m2/repository/com/fasterxml/jackson/datatype/jackson-datatype-jsr310/2.14.1/jackson-datatype-jsr310-2.14.1.jar:/Users/idman/.m2/repository/com/fasterxml/jackson/module/jackson-module-parameter-names/2.14.1/jackson-module-parameter-names-2.14.1.jar:/Users/idman/.m2/repository/org/springframework/boot/spring-boot-starter-tomcat/3.0.0/spring-boot-starter-tomcat-3.0.0.jar:/Users/idman/.m2/repository/org/apache/tomcat/embed/tomcat-embed-core/10.1.1/tomcat-embed-core-10.1.1.jar:/Users/idman/.m2/repository/org/apache/tomcat/embed/tomcat-embed-el/10.1.1/tomcat-embed-el-10.1.1.jar:/Users/idman/.m2/repository/org/apache/tomcat/embed/tomcat-embed-websocket/10.1.1/tomcat-embed-websocket-10.1.1.jar:/Users/idman/.m2/repository/org/springframework/spring-web/6.0.2/spring-web-6.0.2.jar:/Users/idman/.m2/repository/org/springframework/spring-beans/6.0.2/spring-beans-6.0.2.jar:/Users/idman/.m2/repository/io/micrometer/micrometer-observation/1.10.2/micrometer-observation-1.10.2.jar:/Users/idman/.m2/repository/io/micrometer/micrometer-commons/1.10.2/micrometer-commons-1.10.2.jar:/Users/idman/.m2/repository/org/springframework/spring-webmvc/6.0.2/spring-webmvc-6.0.2.jar:/Users/idman/.m2/repository/org/springframework/spring-context/6.0.2/spring-context-6.0.2.jar:/Users/idman/.m2/repository/org/springframework/spring-expression/6.0.2/spring-expression-6.0.2.jar:/Users/idman/.m2/repository/org/springframework/boot/spring-boot-starter-security/3.0.0/spring-boot-starter-security-3.0.0.jar:/Users/idman/.m2/repository/org/springframework/spring-aop/6.0.2/spring-aop-6.0.2.jar:/Users/idman/.m2/repository/org/springframework/security/spring-security-config/6.0.0/spring-security-config-6.0.0.jar:/Users/idman/.m2/repository/org/springframework/security/spring-security-web/6.0.0/spring-security-web-6.0.0.jar:/Users/idman/.m2/repository/org/thymeleaf/extras/thymeleaf-extras-springsecurity6/3.1.1.RELEASE/thymeleaf-extras-springsecurity6-3.1.1.RELEASE.jar:/Users/idman/.m2/repository/org/slf4j/slf4j-api/2.0.4/slf4j-api-2.0.4.jar:/Users/idman/.m2/repository/org/springframework/security/spring-security-test/6.0.0/spring-security-test-6.0.0.jar:/Users/idman/.m2/repository/org/springframework/security/spring-security-core/6.0.0/spring-security-core-6.0.0.jar:/Users/idman/.m2/repository/org/springframework/security/spring-security-crypto/6.0.0/spring-security-crypto-6.0.0.jar:/Users/idman/.m2/repository/org/springframework/spring-core/6.0.2/spring-core-6.0.2.jar:/Users/idman/.m2/repository/org/springframework/spring-jcl/6.0.2/spring-jcl-6.0.2.jar:/Users/idman/.m2/repository/org/springframework/spring-test/6.0.2/spring-test-6.0.2.jar:/Users/idman/.m2/repository/org/springframework/boot/spring-boot-starter-test/3.0.0/spring-boot-starter-test-3.0.0.jar:/Users/idman/.m2/repository/org/springframework/boot/spring-boot-test/3.0.0/spring-boot-test-3.0.0.jar:/Users/idman/.m2/repository/org/springframework/boot/spring-boot-test-autoconfigure/3.0.0/spring-boot-test-autoconfigure-3.0.0.jar:/Users/idman/.m2/repository/com/jayway/jsonpath/json-path/2.7.0/json-path-2.7.0.jar:/Users/idman/.m2/repository/net/minidev/json-smart/2.4.8/json-smart-2.4.8.jar:/Users/idman/.m2/repository/net/minidev/accessors-smart/2.4.8/accessors-smart-2.4.8.jar:/Users/idman/.m2/repository/jakarta/xml/bind/jakarta.xml.bind-api/4.0.0/jakarta.xml.bind-api-4.0.0.jar:/Users/idman/.m2/repository/jakarta/activation/jakarta.activation-api/2.1.0/jakarta.activation-api-2.1.0.jar:/Users/idman/.m2/repository/org/assertj/assertj-core/3.23.1/assertj-core-3.23.1.jar:/Users/idman/.m2/repository/net/bytebuddy/byte-buddy/1.12.19/byte-buddy-1.12.19.jar:/Users/idman/.m2/repository/org/hamcrest/hamcrest/2.2/hamcrest-2.2.jar:/Users/idman/.m2/repository/org/junit/jupiter/junit-jupiter/5.9.1/junit-jupiter-5.9.1.jar:/Users/idman/.m2/repository/org/junit/jupiter/junit-jupiter-api/5.9.1/junit-jupiter-api-5.9.1.jar:/Users/idman/.m2/repository/org/opentest4j/opentest4j/1.2.0/opentest4j-1.2.0.jar:/Users/idman/.m2/repository/org/junit/platform/junit-platform-commons/1.9.1/junit-platform-commons-1.9.1.jar:/Users/idman/.m2/repository/org/apiguardian/apiguardian-api/1.1.2/apiguardian-api-1.1.2.jar:/Users/idman/.m2/repository/org/junit/jupiter/junit-jupiter-params/5.9.1/junit-jupiter-params-5.9.1.jar:/Users/idman/.m2/repository/org/junit/jupiter/junit-jupiter-engine/5.9.1/junit-jupiter-engine-5.9.1.jar:/Users/idman/.m2/repository/org/junit/platform/junit-platform-engine/1.9.1/junit-platform-engine-1.9.1.jar:/Users/idman/.m2/repository/org/mockito/mockito-core/4.8.1/mockito-core-4.8.1.jar:/Users/idman/.m2/repository/net/bytebuddy/byte-buddy-agent/1.12.19/byte-buddy-agent-1.12.19.jar:/Users/idman/.m2/repository/org/objenesis/objenesis/3.2/objenesis-3.2.jar:/Users/idman/.m2/repository/org/mockito/mockito-junit-jupiter/4.8.1/mockito-junit-jupiter-4.8.1.jar:/Users/idman/.m2/repository/org/skyscreamer/jsonassert/1.5.1/jsonassert-1.5.1.jar:/Users/idman/.m2/repository/com/vaadin/external/google/android-json/0.0.20131108.vaadin1/android-json-0.0.20131108.vaadin1.jar:/Users/idman/.m2/repository/org/xmlunit/xmlunit-core/2.9.0/xmlunit-core-2.9.0.jar:/Users/idman/.m2/repository/org/jacoco/jacoco-maven-plugin/0.8.6/jacoco-maven-plugin-0.8.6.jar:/Users/idman/.m2/repository/org/apache/maven/maven-plugin-api/3.0/maven-plugin-api-3.0.jar:/Users/idman/.m2/repository/org/apache/maven/maven-model/3.0/maven-model-3.0.jar:/Users/idman/.m2/repository/org/apache/maven/maven-artifact/3.0/maven-artifact-3.0.jar:/Users/idman/.m2/repository/org/sonatype/sisu/sisu-inject-plexus/1.4.2/sisu-inject-plexus-1.4.2.jar:/Users/idman/.m2/repository/org/sonatype/sisu/sisu-inject-bean/1.4.2/sisu-inject-bean-1.4.2.jar:/Users/idman/.m2/repository/org/sonatype/sisu/sisu-guice/2.1.7/sisu-guice-2.1.7-noaop.jar:/Users/idman/.m2/repository/org/apache/maven/maven-core/3.0/maven-core-3.0.jar:/Users/idman/.m2/repository/org/apache/maven/maven-settings/3.0/maven-settings-3.0.jar:/Users/idman/.m2/repository/org/apache/maven/maven-settings-builder/3.0/maven-settings-builder-3.0.jar:/Users/idman/.m2/repository/org/apache/maven/maven-repository-metadata/3.0/maven-repository-metadata-3.0.jar:/Users/idman/.m2/repository/org/apache/maven/maven-model-builder/3.0/maven-model-builder-3.0.jar:/Users/idman/.m2/repository/org/apache/maven/maven-aether-provider/3.0/maven-aether-provider-3.0.jar:/Users/idman/.m2/repository/org/sonatype/aether/aether-impl/1.7/aether-impl-1.7.jar:/Users/idman/.m2/repository/org/sonatype/aether/aether-spi/1.7/aether-spi-1.7.jar:/Users/idman/.m2/repository/org/sonatype/aether/aether-api/1.7/aether-api-1.7.jar:/Users/idman/.m2/repository/org/sonatype/aether/aether-util/1.7/aether-util-1.7.jar:/Users/idman/.m2/repository/org/codehaus/plexus/plexus-interpolation/1.14/plexus-interpolation-1.14.jar:/Users/idman/.m2/repository/org/codehaus/plexus/plexus-classworlds/2.2.3/plexus-classworlds-2.2.3.jar:/Users/idman/.m2/repository/org/codehaus/plexus/plexus-component-annotations/1.5.5/plexus-component-annotations-1.5.5.jar:/Users/idman/.m2/repository/org/sonatype/plexus/plexus-sec-dispatcher/1.3/plexus-sec-dispatcher-1.3.jar:/Users/idman/.m2/repository/org/sonatype/plexus/plexus-cipher/1.4/plexus-cipher-1.4.jar:/Users/idman/.m2/repository/org/codehaus/plexus/plexus-utils/3.0.22/plexus-utils-3.0.22.jar:/Users/idman/.m2/repository/org/apache/maven/shared/file-management/1.2.1/file-management-1.2.1.jar:/Users/idman/.m2/repository/org/apache/maven/shared/maven-shared-io/1.1/maven-shared-io-1.1.jar:/Users/idman/.m2/repository/org/apache/maven/maven-artifact-manager/2.0.2/maven-artifact-manager-2.0.2.jar:/Users/idman/.m2/repository/org/apache/maven/wagon/wagon-provider-api/1.0-alpha-6/wagon-provider-api-1.0-alpha-6.jar:/Users/idman/.m2/repository/org/codehaus/plexus/plexus-container-default/1.0-alpha-9/plexus-container-default-1.0-alpha-9.jar:/Users/idman/.m2/repository/junit/junit/4.13.2/junit-4.13.2.jar:/Users/idman/.m2/repository/org/hamcrest/hamcrest-core/2.2/hamcrest-core-2.2.jar:/Users/idman/.m2/repository/classworlds/classworlds/1.1-alpha-2/classworlds-1.1-alpha-2.jar:/Users/idman/.m2/repository/org/apache/maven/reporting/maven-reporting-api/3.0/maven-reporting-api-3.0.jar:/Users/idman/.m2/repository/org/apache/maven/doxia/doxia-sink-api/1.0/doxia-sink-api-1.0.jar:/Users/idman/.m2/repository/org/apache/maven/reporting/maven-reporting-impl/2.1/maven-reporting-impl-2.1.jar:/Users/idman/.m2/repository/org/apache/maven/maven-project/2.0.10/maven-project-2.0.10.jar:/Users/idman/.m2/repository/org/apache/maven/maven-profile/2.0.10/maven-profile-2.0.10.jar:/Users/idman/.m2/repository/org/apache/maven/maven-plugin-registry/2.0.10/maven-plugin-registry-2.0.10.jar:/Users/idman/.m2/repository/org/apache/maven/doxia/doxia-core/1.1.2/doxia-core-1.1.2.jar:/Users/idman/.m2/repository/org/apache/maven/doxia/doxia-logging-api/1.1.2/doxia-logging-api-1.1.2.jar:/Users/idman/.m2/repository/xerces/xercesImpl/2.8.1/xercesImpl-2.8.1.jar:/Users/idman/.m2/repository/commons-lang/commons-lang/2.4/commons-lang-2.4.jar:/Users/idman/.m2/repository/commons-httpclient/commons-httpclient/3.1/commons-httpclient-3.1.jar:/Users/idman/.m2/repository/commons-codec/commons-codec/1.15/commons-codec-1.15.jar:/Users/idman/.m2/repository/org/apache/maven/doxia/doxia-site-renderer/1.1.2/doxia-site-renderer-1.1.2.jar:/Users/idman/.m2/repository/org/apache/maven/doxia/doxia-decoration-model/1.1.2/doxia-decoration-model-1.1.2.jar:/Users/idman/.m2/repository/org/apache/maven/doxia/doxia-module-xhtml/1.1.2/doxia-module-xhtml-1.1.2.jar:/Users/idman/.m2/repository/org/apache/maven/doxia/doxia-module-fml/1.1.2/doxia-module-fml-1.1.2.jar:/Users/idman/.m2/repository/org/codehaus/plexus/plexus-i18n/1.0-beta-7/plexus-i18n-1.0-beta-7.jar:/Users/idman/.m2/repository/org/codehaus/plexus/plexus-velocity/1.1.7/plexus-velocity-1.1.7.jar:/Users/idman/.m2/repository/org/apache/velocity/velocity/1.5/velocity-1.5.jar:/Users/idman/.m2/repository/commons-collections/commons-collections/3.2/commons-collections-3.2.jar:/Users/idman/.m2/repository/commons-validator/commons-validator/1.2.0/commons-validator-1.2.0.jar:/Users/idman/.m2/repository/commons-beanutils/commons-beanutils/1.7.0/commons-beanutils-1.7.0.jar:/Users/idman/.m2/repository/commons-digester/commons-digester/1.6/commons-digester-1.6.jar:/Users/idman/.m2/repository/commons-logging/commons-logging/1.0.4/commons-logging-1.0.4.jar:/Users/idman/.m2/repository/oro/oro/2.0.8/oro-2.0.8.jar:/Users/idman/.m2/repository/xml-apis/xml-apis/1.0.b2/xml-apis-1.0.b2.jar:/Users/idman/.m2/repository/org/jacoco/org.jacoco.agent/0.8.6/org.jacoco.agent-0.8.6-runtime.jar:/Users/idman/.m2/repository/org/jacoco/org.jacoco.core/0.8.6/org.jacoco.core-0.8.6.jar:/Users/idman/.m2/repository/org/ow2/asm/asm/8.0.1/asm-8.0.1.jar:/Users/idman/.m2/repository/org/ow2/asm/asm-commons/8.0.1/asm-commons-8.0.1.jar:/Users/idman/.m2/repository/org/ow2/asm/asm-analysis/8.0.1/asm-analysis-8.0.1.jar:/Users/idman/.m2/repository/org/ow2/asm/asm-tree/8.0.1/asm-tree-8.0.1.jar:/Users/idman/.m2/repository/org/jacoco/org.jacoco.report/0.8.6/org.jacoco.report-0.8.6.jar:"/>
    <property name="java.vm.vendor" value="Oracle Corporation"/>
    <property name="sun.arch.data.model" value="64"/>
    <property name="java.vendor.url" value="https://java.oracle.com/"/>
    <property name="os.name" value="Mac OS X"/>
    <property name="java.vm.specification.version" value="17"/>
    <property name="sun.java.launcher" value="SUN_STANDARD"/>
    <property name="user.country" value="GB"/>
    <property name="sun.boot.library.path" value="/Library/Java/JavaVirtualMachines/jdk-17.jdk/Contents/Home/lib"/>
    <property name="sun.java.command" value="/Users/idman/Documents/Docker/maven-app/target/surefire/surefirebooter8571339422643231090.jar /Users/idman/Documents/Docker/maven-app/target/surefire 2023-04-30T12-44-50_960-jvmRun1 surefire6994351653790486845tmp surefire_08826740620989605715tmp"/>
    <property name="http.nonProxyHosts" value="local|*.local|169.254/16|*.169.254/16"/>
    <property name="jdk.debug" value="release"/>
    <property name="surefire.test.class.path" value="/Users/idman/Documents/Docker/maven-app/target/test-classes:/Users/idman/Documents/Docker/maven-app/target/classes:/Users/idman/.m2/repository/org/springframework/boot/spring-boot-starter-thymeleaf/3.0.0/spring-boot-starter-thymeleaf-3.0.0.jar:/Users/idman/.m2/repository/org/springframework/boot/spring-boot-starter/3.0.0/spring-boot-starter-3.0.0.jar:/Users/idman/.m2/repository/org/springframework/boot/spring-boot/3.0.0/spring-boot-3.0.0.jar:/Users/idman/.m2/repository/org/springframework/boot/spring-boot-autoconfigure/3.0.0/spring-boot-autoconfigure-3.0.0.jar:/Users/idman/.m2/repository/org/springframework/boot/spring-boot-starter-logging/3.0.0/spring-boot-starter-logging-3.0.0.jar:/Users/idman/.m2/repository/ch/qos/logback/logback-classic/1.4.5/logback-classic-1.4.5.jar:/Users/idman/.m2/repository/ch/qos/logback/logback-core/1.4.5/logback-core-1.4.5.jar:/Users/idman/.m2/repository/org/apache/logging/log4j/log4j-to-slf4j/2.19.0/log4j-to-slf4j-2.19.0.jar:/Users/idman/.m2/repository/org/apache/logging/log4j/log4j-api/2.19.0/log4j-api-2.19.0.jar:/Users/idman/.m2/repository/org/slf4j/jul-to-slf4j/2.0.4/jul-to-slf4j-2.0.4.jar:/Users/idman/.m2/repository/jakarta/annotation/jakarta.annotation-api/2.1.1/jakarta.annotation-api-2.1.1.jar:/Users/idman/.m2/repository/org/yaml/snakeyaml/1.33/snakeyaml-1.33.jar:/Users/idman/.m2/repository/org/thymeleaf/thymeleaf-spring6/3.1.0.RELEASE/thymeleaf-spring6-3.1.0.RELEASE.jar:/Users/idman/.m2/repository/org/thymeleaf/thymeleaf/3.1.0.RELEASE/thymeleaf-3.1.0.RELEASE.jar:/Users/idman/.m2/repository/org/attoparser/attoparser/2.0.6.RELEASE/attoparser-2.0.6.RELEASE.jar:/Users/idman/.m2/repository/org/unbescape/unbescape/1.1.6.RELEASE/unbescape-1.1.6.RELEASE.jar:/Users/idman/.m2/repository/org/springframework/boot/spring-boot-starter-web/3.0.0/spring-boot-starter-web-3.0.0.jar:/Users/idman/.m2/repository/org/springframework/boot/spring-boot-starter-json/3.0.0/spring-boot-starter-json-3.0.0.jar:/Users/idman/.m2/repository/com/fasterxml/jackson/core/jackson-databind/2.14.1/jackson-databind-2.14.1.jar:/Users/idman/.m2/repository/com/fasterxml/jackson/core/jackson-annotations/2.14.1/jackson-annotations-2.14.1.jar:/Users/idman/.m2/repository/com/fasterxml/jackson/core/jackson-core/2.14.1/jackson-core-2.14.1.jar:/Users/idman/.m2/repository/com/fasterxml/jackson/datatype/jackson-datatype-jdk8/2.14.1/jackson-datatype-jdk8-2.14.1.jar:/Users/idman/.m2/repository/com/fasterxml/jackson/datatype/jackson-datatype-jsr310/2.14.1/jackson-datatype-jsr310-2.14.1.jar:/Users/idman/.m2/repository/com/fasterxml/jackson/module/jackson-module-parameter-names/2.14.1/jackson-module-parameter-names-2.14.1.jar:/Users/idman/.m2/repository/org/springframework/boot/spring-boot-starter-tomcat/3.0.0/spring-boot-starter-tomcat-3.0.0.jar:/Users/idman/.m2/repository/org/apache/tomcat/embed/tomcat-embed-core/10.1.1/tomcat-embed-core-10.1.1.jar:/Users/idman/.m2/repository/org/apache/tomcat/embed/tomcat-embed-el/10.1.1/tomcat-embed-el-10.1.1.jar:/Users/idman/.m2/repository/org/apache/tomcat/embed/tomcat-embed-websocket/10.1.1/tomcat-embed-websocket-10.1.1.jar:/Users/idman/.m2/repository/org/springframework/spring-web/6.0.2/spring-web-6.0.2.jar:/Users/idman/.m2/repository/org/springframework/spring-beans/6.0.2/spring-beans-6.0.2.jar:/Users/idman/.m2/repository/io/micrometer/micrometer-observation/1.10.2/micrometer-observation-1.10.2.jar:/Users/idman/.m2/repository/io/micrometer/micrometer-commons/1.10.2/micrometer-commons-1.10.2.jar:/Users/idman/.m2/repository/org/springframework/spring-webmvc/6.0.2/spring-webmvc-6.0.2.jar:/Users/idman/.m2/repository/org/springframework/spring-context/6.0.2/spring-context-6.0.2.jar:/Users/idman/.m2/repository/org/springframework/spring-expression/6.0.2/spring-expression-6.0.2.jar:/Users/idman/.m2/repository/org/springframework/boot/spring-boot-starter-security/3.0.0/spring-boot-starter-security-3.0.0.jar:/Users/idman/.m2/repository/org/springframework/spring-aop/6.0.2/spring-aop-6.0.2.jar:/Users/idman/.m2/repository/org/springframework/security/spring-security-config/6.0.0/spring-security-config-6.0.0.jar:/Users/idman/.m2/repository/org/springframework/security/spring-security-web/6.0.0/spring-security-web-6.0.0.jar:/Users/idman/.m2/repository/org/thymeleaf/extras/thymeleaf-extras-springsecurity6/3.1.1.RELEASE/thymeleaf-extras-springsecurity6-3.1.1.RELEASE.jar:/Users/idman/.m2/repository/org/slf4j/slf4j-api/2.0.4/slf4j-api-2.0.4.jar:/Users/idman/.m2/repository/org/springframework/security/spring-security-test/6.0.0/spring-security-test-6.0.0.jar:/Users/idman/.m2/repository/org/springframework/security/spring-security-core/6.0.0/spring-security-core-6.0.0.jar:/Users/idman/.m2/repository/org/springframework/security/spring-security-crypto/6.0.0/spring-security-crypto-6.0.0.jar:/Users/idman/.m2/repository/org/springframework/spring-core/6.0.2/spring-core-6.0.2.jar:/Users/idman/.m2/repository/org/springframework/spring-jcl/6.0.2/spring-jcl-6.0.2.jar:/Users/idman/.m2/repository/org/springframework/spring-test/6.0.2/spring-test-6.0.2.jar:/Users/idman/.m2/repository/org/springframework/boot/spring-boot-starter-test/3.0.0/spring-boot-starter-test-3.0.0.jar:/Users/idman/.m2/repository/org/springframework/boot/spring-boot-test/3.0.0/spring-boot-test-3.0.0.jar:/Users/idman/.m2/repository/org/springframework/boot/spring-boot-test-autoconfigure/3.0.0/spring-boot-test-autoconfigure-3.0.0.jar:/Users/idman/.m2/repository/com/jayway/jsonpath/json-path/2.7.0/json-path-2.7.0.jar:/Users/idman/.m2/repository/net/minidev/json-smart/2.4.8/json-smart-2.4.8.jar:/Users/idman/.m2/repository/net/minidev/accessors-smart/2.4.8/accessors-smart-2.4.8.jar:/Users/idman/.m2/repository/jakarta/xml/bind/jakarta.xml.bind-api/4.0.0/jakarta.xml.bind-api-4.0.0.jar:/Users/idman/.m2/repository/jakarta/activation/jakarta.activation-api/2.1.0/jakarta.activation-api-2.1.0.jar:/Users/idman/.m2/repository/org/assertj/assertj-core/3.23.1/assertj-core-3.23.1.jar:/Users/idman/.m2/repository/net/bytebuddy/byte-buddy/1.12.19/byte-buddy-1.12.19.jar:/Users/idman/.m2/repository/org/hamcrest/hamcrest/2.2/hamcrest-2.2.jar:/Users/idman/.m2/repository/org/junit/jupiter/junit-jupiter/5.9.1/junit-jupiter-5.9.1.jar:/Users/idman/.m2/repository/org/junit/jupiter/junit-jupiter-api/5.9.1/junit-jupiter-api-5.9.1.jar:/Users/idman/.m2/repository/org/opentest4j/opentest4j/1.2.0/opentest4j-1.2.0.jar:/Users/idman/.m2/repository/org/junit/platform/junit-platform-commons/1.9.1/junit-platform-commons-1.9.1.jar:/Users/idman/.m2/repository/org/apiguardian/apiguardian-api/1.1.2/apiguardian-api-1.1.2.jar:/Users/idman/.m2/repository/org/junit/jupiter/junit-jupiter-params/5.9.1/junit-jupiter-params-5.9.1.jar:/Users/idman/.m2/repository/org/junit/jupiter/junit-jupiter-engine/5.9.1/junit-jupiter-engine-5.9.1.jar:/Users/idman/.m2/repository/org/junit/platform/junit-platform-engine/1.9.1/junit-platform-engine-1.9.1.jar:/Users/idman/.m2/repository/org/mockito/mockito-core/4.8.1/mockito-core-4.8.1.jar:/Users/idman/.m2/repository/net/bytebuddy/byte-buddy-agent/1.12.19/byte-buddy-agent-1.12.19.jar:/Users/idman/.m2/repository/org/objenesis/objenesis/3.2/objenesis-3.2.jar:/Users/idman/.m2/repository/org/mockito/mockito-junit-jupiter/4.8.1/mockito-junit-jupiter-4.8.1.jar:/Users/idman/.m2/repository/org/skyscreamer/jsonassert/1.5.1/jsonassert-1.5.1.jar:/Users/idman/.m2/repository/com/vaadin/external/google/android-json/0.0.20131108.vaadin1/android-json-0.0.20131108.vaadin1.jar:/Users/idman/.m2/repository/org/xmlunit/xmlunit-core/2.9.0/xmlunit-core-2.9.0.jar:/Users/idman/.m2/repository/org/jacoco/jacoco-maven-plugin/0.8.6/jacoco-maven-plugin-0.8.6.jar:/Users/idman/.m2/repository/org/apache/maven/maven-plugin-api/3.0/maven-plugin-api-3.0.jar:/Users/idman/.m2/repository/org/apache/maven/maven-model/3.0/maven-model-3.0.jar:/Users/idman/.m2/repository/org/apache/maven/maven-artifact/3.0/maven-artifact-3.0.jar:/Users/idman/.m2/repository/org/sonatype/sisu/sisu-inject-plexus/1.4.2/sisu-inject-plexus-1.4.2.jar:/Users/idman/.m2/repository/org/sonatype/sisu/sisu-inject-bean/1.4.2/sisu-inject-bean-1.4.2.jar:/Users/idman/.m2/repository/org/sonatype/sisu/sisu-guice/2.1.7/sisu-guice-2.1.7-noaop.jar:/Users/idman/.m2/repository/org/apache/maven/maven-core/3.0/maven-core-3.0.jar:/Users/idman/.m2/repository/org/apache/maven/maven-settings/3.0/maven-settings-3.0.jar:/Users/idman/.m2/repository/org/apache/maven/maven-settings-builder/3.0/maven-settings-builder-3.0.jar:/Users/idman/.m2/repository/org/apache/maven/maven-repository-metadata/3.0/maven-repository-metadata-3.0.jar:/Users/idman/.m2/repository/org/apache/maven/maven-model-builder/3.0/maven-model-builder-3.0.jar:/Users/idman/.m2/repository/org/apache/maven/maven-aether-provider/3.0/maven-aether-provider-3.0.jar:/Users/idman/.m2/repository/org/sonatype/aether/aether-impl/1.7/aether-impl-1.7.jar:/Users/idman/.m2/repository/org/sonatype/aether/aether-spi/1.7/aether-spi-1.7.jar:/Users/idman/.m2/repository/org/sonatype/aether/aether-api/1.7/aether-api-1.7.jar:/Users/idman/.m2/repository/org/sonatype/aether/aether-util/1.7/aether-util-1.7.jar:/Users/idman/.m2/repository/org/codehaus/plexus/plexus-interpolation/1.14/plexus-interpolation-1.14.jar:/Users/idman/.m2/repository/org/codehaus/plexus/plexus-classworlds/2.2.3/plexus-classworlds-2.2.3.jar:/Users/idman/.m2/repository/org/codehaus/plexus/plexus-component-annotations/1.5.5/plexus-component-annotations-1.5.5.jar:/Users/idman/.m2/repository/org/sonatype/plexus/plexus-sec-dispatcher/1.3/plexus-sec-dispatcher-1.3.jar:/Users/idman/.m2/repository/org/sonatype/plexus/plexus-cipher/1.4/plexus-cipher-1.4.jar:/Users/idman/.m2/repository/org/codehaus/plexus/plexus-utils/3.0.22/plexus-utils-3.0.22.jar:/Users/idman/.m2/repository/org/apache/maven/shared/file-management/1.2.1/file-management-1.2.1.jar:/Users/idman/.m2/repository/org/apache/maven/shared/maven-shared-io/1.1/maven-shared-io-1.1.jar:/Users/idman/.m2/repository/org/apache/maven/maven-artifact-manager/2.0.2/maven-artifact-manager-2.0.2.jar:/Users/idman/.m2/repository/org/apache/maven/wagon/wagon-provider-api/1.0-alpha-6/wagon-provider-api-1.0-alpha-6.jar:/Users/idman/.m2/repository/org/codehaus/plexus/plexus-container-default/1.0-alpha-9/plexus-container-default-1.0-alpha-9.jar:/Users/idman/.m2/repository/junit/junit/4.13.2/junit-4.13.2.jar:/Users/idman/.m2/repository/org/hamcrest/hamcrest-core/2.2/hamcrest-core-2.2.jar:/Users/idman/.m2/repository/classworlds/classworlds/1.1-alpha-2/classworlds-1.1-alpha-2.jar:/Users/idman/.m2/repository/org/apache/maven/reporting/maven-reporting-api/3.0/maven-reporting-api-3.0.jar:/Users/idman/.m2/repository/org/apache/maven/doxia/doxia-sink-api/1.0/doxia-sink-api-1.0.jar:/Users/idman/.m2/repository/org/apache/maven/reporting/maven-reporting-impl/2.1/maven-reporting-impl-2.1.jar:/Users/idman/.m2/repository/org/apache/maven/maven-project/2.0.10/maven-project-2.0.10.jar:/Users/idman/.m2/repository/org/apache/maven/maven-profile/2.0.10/maven-profile-2.0.10.jar:/Users/idman/.m2/repository/org/apache/maven/maven-plugin-registry/2.0.10/maven-plugin-registry-2.0.10.jar:/Users/idman/.m2/repository/org/apache/maven/doxia/doxia-core/1.1.2/doxia-core-1.1.2.jar:/Users/idman/.m2/repository/org/apache/maven/doxia/doxia-logging-api/1.1.2/doxia-logging-api-1.1.2.jar:/Users/idman/.m2/repository/xerces/xercesImpl/2.8.1/xercesImpl-2.8.1.jar:/Users/idman/.m2/repository/commons-lang/commons-lang/2.4/commons-lang-2.4.jar:/Users/idman/.m2/repository/commons-httpclient/commons-httpclient/3.1/commons-httpclient-3.1.jar:/Users/idman/.m2/repository/commons-codec/commons-codec/1.15/commons-codec-1.15.jar:/Users/idman/.m2/repository/org/apache/maven/doxia/doxia-site-renderer/1.1.2/doxia-site-renderer-1.1.2.jar:/Users/idman/.m2/repository/org/apache/maven/doxia/doxia-decoration-model/1.1.2/doxia-decoration-model-1.1.2.jar:/Users/idman/.m2/repository/org/apache/maven/doxia/doxia-module-xhtml/1.1.2/doxia-module-xhtml-1.1.2.jar:/Users/idman/.m2/repository/org/apache/maven/doxia/doxia-module-fml/1.1.2/doxia-module-fml-1.1.2.jar:/Users/idman/.m2/repository/org/codehaus/plexus/plexus-i18n/1.0-beta-7/plexus-i18n-1.0-beta-7.jar:/Users/idman/.m2/repository/org/codehaus/plexus/plexus-velocity/1.1.7/plexus-velocity-1.1.7.jar:/Users/idman/.m2/repository/org/apache/velocity/velocity/1.5/velocity-1.5.jar:/Users/idman/.m2/repository/commons-collections/commons-collections/3.2/commons-collections-3.2.jar:/Users/idman/.m2/repository/commons-validator/commons-validator/1.2.0/commons-validator-1.2.0.jar:/Users/idman/.m2/repository/commons-beanutils/commons-beanutils/1.7.0/commons-beanutils-1.7.0.jar:/Users/idman/.m2/repository/commons-digester/commons-digester/1.6/commons-digester-1.6.jar:/Users/idman/.m2/repository/commons-logging/commons-logging/1.0.4/commons-logging-1.0.4.jar:/Users/idman/.m2/repository/oro/oro/2.0.8/oro-2.0.8.jar:/Users/idman/.m2/repository/xml-apis/xml-apis/1.0.b2/xml-apis-1.0.b2.jar:/Users/idman/.m2/repository/org/jacoco/org.jacoco.agent/0.8.6/org.jacoco.agent-0.8.6-runtime.jar:/Users/idman/.m2/repository/org/jacoco/org.jacoco.core/0.8.6/org.jacoco.core-0.8.6.jar:/Users/idman/.m2/repository/org/ow2/asm/asm/8.0.1/asm-8.0.1.jar:/Users/idman/.m2/repository/org/ow2/asm/asm-commons/8.0.1/asm-commons-8.0.1.jar:/Users/idman/.m2/repository/org/ow2/asm/asm-analysis/8.0.1/asm-analysis-8.0.1.jar:/Users/idman/.m2/repository/org/ow2/asm/asm-tree/8.0.1/asm-tree-8.0.1.jar:/Users/idman/.m2/repository/org/jacoco/org.jacoco.report/0.8.6/org.jacoco.report-0.8.6.jar:"/>
    <property name="sun.cpu.endian" value="little"/>
    <property name="user.home" value="/Users/idman"/>
    <property name="user.language" value="en"/>
    <property name="java.specification.vendor" value="Oracle Corporation"/>
    <property name="java.version.date" value="2023-04-18"/>
    <property name="java.home" value="/Library/Java/JavaVirtualMachines/jdk-17.jdk/Contents/Home"/>
    <property name="file.separator" value="/"/>
    <property name="basedir" value="/Users/idman/Documents/Docker/maven-app"/>
    <property name="java.vm.compressedOopsMode" value="Zero based"/>
    <property name="line.separator" value="&#10;"/>
    <property name="java.specification.name" value="Java Platform API Specification"/>
    <property name="java.vm.specification.vendor" value="Oracle Corporation"/>
    <property name="surefire.real.class.path" value="/Users/idman/Documents/Docker/maven-app/target/surefire/surefirebooter8571339422643231090.jar"/>
    <property name="sun.management.compiler" value="HotSpot 64-Bit Tiered Compilers"/>
    <property name="ftp.nonProxyHosts" value="local|*.local|169.254/16|*.169.254/16"/>
    <property name="java.runtime.version" value="17.0.7+8-LTS-224"/>
    <property name="user.name" value="idman"/>
    <property name="path.separator" value=":"/>
    <property name="os.version" value="12.0.1"/>
    <property name="java.runtime.name" value="Java(TM) SE Runtime Environment"/>
    <property name="file.encoding" value="UTF-8"/>
    <property name="java.vm.name" value="Java HotSpot(TM) 64-Bit Server VM"/>
    <property name="localRepository" value="/Users/idman/.m2/repository"/>
    <property name="java.vendor.url.bug" value="https://bugreport.java.com/bugreport/"/>
    <property name="java.io.tmpdir" value="/var/folders/kf/mnthmw7j3sdccj1rdhqm5p440000gn/T/"/>
    <property name="java.version" value="17.0.7"/>
    <property name="user.dir" value="/Users/idman/Documents/Docker/maven-app"/>
    <property name="os.arch" value="x86_64"/>
    <property name="java.vm.specification.name" value="Java Virtual Machine Specification"/>
    <property name="native.encoding" value="UTF-8"/>
    <property name="java.library.path" value="/Users/idman/Library/Java/Extensions:/Library/Java/Extensions:/Network/Library/Java/Extensions:/System/Library/Java/Extensions:/usr/lib/java:."/>
    <property name="java.vm.info" value="mixed mode, sharing"/>
    <property name="java.vendor" value="Oracle Corporation"/>
    <property name="java.vm.version" value="17.0.7+8-LTS-224"/>
    <property name="sun.io.unicode.encoding" value="UnicodeBig"/>
    <property name="socksNonProxyHosts" value="local|*.local|169.254/16|*.169.254/16"/>
    <property name="java.class.version" value="61.0"/>
  </properties>
  <testcase name="accessUnsecuredResourceThenOk" classname="com.example.securingweb.SecuringWebApplicationTests" time="0.578"/>
  <testcase name="accessSecuredResourceUnauthenticatedThenRedirectsToLogin" classname="com.example.securingweb.SecuringWebApplicationTests" time="0.008"/>
  <testcase name="loginWithInvalidUserThenUnauthenticated" classname="com.example.securingweb.SecuringWebApplicationTests" time="0.132"/>
  <testcase name="loginWithValidUserThenAuthenticated" classname="com.example.securingweb.SecuringWebApplicationTests" time="0.066"/>
  <testcase name="accessSecuredResourceAuthenticatedThenOk" classname="com.example.securingweb.SecuringWebApplicationTests" time="0.059"/>
</testsuite>